<?xml version="1.0" encoding="UTF-8"?>
<!-- Generated by org.testng.reporters.JUnitReportReporter -->
<testsuite skipped="0" hostname="IMCBBCP54-BLL" name="parallel2.parallelRun" tests="2" failures="0" timestamp="01 Jun 2022 07:02:31 GMT" time="0.208" errors="2">
  <testcase name="runScenario" time="0.191" classname="parallel2.parallelRun">
    <error type="java.lang.NullPointerException">
      <![CDATA[java.lang.NullPointerException
at factory.DriverFactory.init_driver(DriverFactory.java:46)
at ApplicationHooks.ApplicationHooks.launchBrowser(ApplicationHooks.java:33)
]]>
    </error>
  </testcase> <!-- runScenario -->
  <testcase name="runScenario" time="0.017" classname="parallel2.parallelRun">
    <error type="java.lang.NullPointerException">
      <![CDATA[java.lang.NullPointerException
at factory.DriverFactory.init_driver(DriverFactory.java:46)
at ApplicationHooks.ApplicationHooks.launchBrowser(ApplicationHooks.java:33)
]]>
    </error>
  </testcase> <!-- runScenario -->
</testsuite> <!-- parallel2.parallelRun -->
