<?xml version="1.0" encoding="UTF-8"?>
<!-- Generated by org.testng.reporters.JUnitReportReporter -->
<testsuite hostname="IMCBBCP54-BLL" name="parallel2.parallelRun" tests="2" failures="0" timestamp="12 Apr 2022 06:11:20 GMT" time="59.764" errors="0">
  <testcase name="runScenario" time="22.878" classname="parallel2.parallelRun"/>
  <testcase name="runScenario" time="36.886" classname="parallel2.parallelRun"/>
</testsuite> <!-- parallel2.parallelRun -->
